This is pdfTeX, Version 3.141592653-2.6-1.40.25 (MiKTeX 24.1) (preloaded format=pdflatex 2024.1.30)  31 JAN 2024 15:03
entering extended mode
 restricted \write18 enabled.
 %&-line parsing enabled.
**./Sumativa1.tex
(Sumativa1.tex
LaTeX2e <2023-11-01> patch level 1
L3 programming layer <2024-01-22>
(IEEEtran.cls
Document Class: IEEEtran 2015/08/26 V1.8b by Michael Shell
-- See the "IEEEtran_HOWTO" manual for usage information.
-- http://www.michaelshell.org/tex/ieeetran/
\@IEEEtrantmpdimenA=\dimen140
\@IEEEtrantmpdimenB=\dimen141
\@IEEEtrantmpdimenC=\dimen142
\@IEEEtrantmpcountA=\count187
\@IEEEtrantmpcountB=\count188
\@IEEEtrantmpcountC=\count189
\@IEEEtrantmptoksA=\toks17
LaTeX Font Info:    Trying to load font information for OT1+ptm on input line 5
03.

(C:\Users\FernandoJoseRamirezS\AppData\Local\Programs\MiKTeX\tex/latex/psnfss\o
t1ptm.fd
File: ot1ptm.fd 2001/06/04 font definitions for OT1/ptm.
)
-- Using 8.5in x 11in (letter) paper.
-- Using PDF output.
\@IEEEnormalsizeunitybaselineskip=\dimen143
-- This is a 10 point document.
\CLASSINFOnormalsizebaselineskip=\dimen144
\CLASSINFOnormalsizeunitybaselineskip=\dimen145
\IEEEnormaljot=\dimen146
LaTeX Font Info:    Font shape `OT1/ptm/bx/n' in size <5> not available
(Font)              Font shape `OT1/ptm/b/n' tried instead on input line 1090.
LaTeX Font Info:    Font shape `OT1/ptm/bx/it' in size <5> not available
(Font)              Font shape `OT1/ptm/b/it' tried instead on input line 1090.

LaTeX Font Info:    Font shape `OT1/ptm/bx/n' in size <7> not available
(Font)              Font shape `OT1/ptm/b/n' tried instead on input line 1090.
LaTeX Font Info:    Font shape `OT1/ptm/bx/it' in size <7> not available
(Font)              Font shape `OT1/ptm/b/it' tried instead on input line 1090.

LaTeX Font Info:    Font shape `OT1/ptm/bx/n' in size <8> not available
(Font)              Font shape `OT1/ptm/b/n' tried instead on input line 1090.
LaTeX Font Info:    Font shape `OT1/ptm/bx/it' in size <8> not available
(Font)              Font shape `OT1/ptm/b/it' tried instead on input line 1090.

LaTeX Font Info:    Font shape `OT1/ptm/bx/n' in size <9> not available
(Font)              Font shape `OT1/ptm/b/n' tried instead on input line 1090.
LaTeX Font Info:    Font shape `OT1/ptm/bx/it' in size <9> not available
(Font)              Font shape `OT1/ptm/b/it' tried instead on input line 1090.

LaTeX Font Info:    Font shape `OT1/ptm/bx/n' in size <10> not available
(Font)              Font shape `OT1/ptm/b/n' tried instead on input line 1090.
LaTeX Font Info:    Font shape `OT1/ptm/bx/it' in size <10> not available
(Font)              Font shape `OT1/ptm/b/it' tried instead on input line 1090.

LaTeX Font Info:    Font shape `OT1/ptm/bx/n' in size <11> not available
(Font)              Font shape `OT1/ptm/b/n' tried instead on input line 1090.
LaTeX Font Info:    Font shape `OT1/ptm/bx/it' in size <11> not available
(Font)              Font shape `OT1/ptm/b/it' tried instead on input line 1090.

LaTeX Font Info:    Font shape `OT1/ptm/bx/n' in size <12> not available
(Font)              Font shape `OT1/ptm/b/n' tried instead on input line 1090.
LaTeX Font Info:    Font shape `OT1/ptm/bx/it' in size <12> not available
(Font)              Font shape `OT1/ptm/b/it' tried instead on input line 1090.

LaTeX Font Info:    Font shape `OT1/ptm/bx/n' in size <17> not available
(Font)              Font shape `OT1/ptm/b/n' tried instead on input line 1090.
LaTeX Font Info:    Font shape `OT1/ptm/bx/it' in size <17> not available
(Font)              Font shape `OT1/ptm/b/it' tried instead on input line 1090.

LaTeX Font Info:    Font shape `OT1/ptm/bx/n' in size <20> not available
(Font)              Font shape `OT1/ptm/b/n' tried instead on input line 1090.
LaTeX Font Info:    Font shape `OT1/ptm/bx/it' in size <20> not available
(Font)              Font shape `OT1/ptm/b/it' tried instead on input line 1090.

LaTeX Font Info:    Font shape `OT1/ptm/bx/n' in size <24> not available
(Font)              Font shape `OT1/ptm/b/n' tried instead on input line 1090.
LaTeX Font Info:    Font shape `OT1/ptm/bx/it' in size <24> not available
(Font)              Font shape `OT1/ptm/b/it' tried instead on input line 1090.

\IEEEquantizedlength=\dimen147
\IEEEquantizedlengthdiff=\dimen148
\IEEEquantizedtextheightdiff=\dimen149
\IEEEilabelindentA=\dimen150
\IEEEilabelindentB=\dimen151
\IEEEilabelindent=\dimen152
\IEEEelabelindent=\dimen153
\IEEEdlabelindent=\dimen154
\IEEElabelindent=\dimen155
\IEEEiednormlabelsep=\dimen156
\IEEEiedmathlabelsep=\dimen157
\IEEEiedtopsep=\skip48
\c@section=\count190
\c@subsection=\count191
\c@subsubsection=\count192
\c@paragraph=\count193
\c@IEEEsubequation=\count194
\abovecaptionskip=\skip49
\belowcaptionskip=\skip50
\c@figure=\count195
\c@table=\count196
\@IEEEeqnnumcols=\count197
\@IEEEeqncolcnt=\count198
\@IEEEsubeqnnumrollback=\count199
\@IEEEquantizeheightA=\dimen158
\@IEEEquantizeheightB=\dimen159
\@IEEEquantizeheightC=\dimen160
\@IEEEquantizeprevdepth=\dimen161
\@IEEEquantizemultiple=\count266
\@IEEEquantizeboxA=\box51
\@IEEEtmpitemindent=\dimen162
\IEEEPARstartletwidth=\dimen163
\c@IEEEbiography=\count267
\@IEEEtranrubishbin=\box52
)
** ATTENTION: Overriding command lockouts (line 2).

(C:\Users\FernandoJoseRamirezS\AppData\Local\Programs\MiKTeX\tex/latex/cite\cit
e.sty
LaTeX Info: Redefining \cite on input line 302.
LaTeX Info: Redefining \nocite on input line 332.
Package: cite 2015/02/27  v 5.5
)
(C:\Users\FernandoJoseRamirezS\AppData\Local\Programs\MiKTeX\tex/latex/amsmath\
amsmath.sty
Package: amsmath 2023/05/13 v2.17o AMS math features
\@mathmargin=\skip51

For additional information on amsmath, use the `?' option.

(C:\Users\FernandoJoseRamirezS\AppData\Local\Programs\MiKTeX\tex/latex/amsmath\
amstext.sty
Package: amstext 2021/08/26 v2.01 AMS text

(C:\Users\FernandoJoseRamirezS\AppData\Local\Programs\MiKTeX\tex/latex/amsmath\
amsgen.sty
File: amsgen.sty 1999/11/30 v2.0 generic functions
\@emptytoks=\toks18
\ex@=\dimen164
))
(C:\Users\FernandoJoseRamirezS\AppData\Local\Programs\MiKTeX\tex/latex/amsmath\
amsbsy.sty
Package: amsbsy 1999/11/29 v1.2d Bold Symbols
\pmbraise@=\dimen165
)
(C:\Users\FernandoJoseRamirezS\AppData\Local\Programs\MiKTeX\tex/latex/amsmath\
amsopn.sty
Package: amsopn 2022/04/08 v2.04 operator names
)
\inf@bad=\count268
LaTeX Info: Redefining \frac on input line 234.
\uproot@=\count269
\leftroot@=\count270
LaTeX Info: Redefining \overline on input line 399.
LaTeX Info: Redefining \colon on input line 410.
\classnum@=\count271
\DOTSCASE@=\count272
LaTeX Info: Redefining \ldots on input line 496.
LaTeX Info: Redefining \dots on input line 499.
LaTeX Info: Redefining \cdots on input line 620.
\Mathstrutbox@=\box53
\strutbox@=\box54
LaTeX Info: Redefining \big on input line 722.
LaTeX Info: Redefining \Big on input line 723.
LaTeX Info: Redefining \bigg on input line 724.
LaTeX Info: Redefining \Bigg on input line 725.
\big@size=\dimen166
LaTeX Font Info:    Redeclaring font encoding OML on input line 743.
LaTeX Font Info:    Redeclaring font encoding OMS on input line 744.
\macc@depth=\count273
LaTeX Info: Redefining \bmod on input line 905.
LaTeX Info: Redefining \pmod on input line 910.
LaTeX Info: Redefining \smash on input line 940.
LaTeX Info: Redefining \relbar on input line 970.
LaTeX Info: Redefining \Relbar on input line 971.
\c@MaxMatrixCols=\count274
\dotsspace@=\muskip16
\c@parentequation=\count275
\dspbrk@lvl=\count276
\tag@help=\toks19
\row@=\count277
\column@=\count278
\maxfields@=\count279
\andhelp@=\toks20
\eqnshift@=\dimen167
\alignsep@=\dimen168
\tagshift@=\dimen169
\tagwidth@=\dimen170
\totwidth@=\dimen171
\lineht@=\dimen172
\@envbody=\toks21
\multlinegap=\skip52
\multlinetaggap=\skip53
\mathdisplay@stack=\toks22
LaTeX Info: Redefining \[ on input line 2953.
LaTeX Info: Redefining \] on input line 2954.
)
(C:\Users\FernandoJoseRamirezS\AppData\Local\Programs\MiKTeX\tex/latex/amsfonts
\amssymb.sty
Package: amssymb 2013/01/14 v3.01 AMS font symbols

(C:\Users\FernandoJoseRamirezS\AppData\Local\Programs\MiKTeX\tex/latex/amsfonts
\amsfonts.sty
Package: amsfonts 2013/01/14 v3.01 Basic AMSFonts support
\symAMSa=\mathgroup4
\symAMSb=\mathgroup5
LaTeX Font Info:    Redeclaring math symbol \hbar on input line 98.
LaTeX Font Info:    Overwriting math alphabet `\mathfrak' in version `bold'
(Font)                  U/euf/m/n --> U/euf/b/n on input line 106.
))
(C:\Users\FernandoJoseRamirezS\AppData\Local\Programs\MiKTeX\tex/latex/algorith
ms\algorithmic.sty
Package: algorithmic 2009/08/24 v0.1 Document Style `algorithmic'

(C:\Users\FernandoJoseRamirezS\AppData\Local\Programs\MiKTeX\tex/latex/base\ift
hen.sty
Package: ifthen 2022/04/13 v1.1d Standard LaTeX ifthen package (DPC)
)
(C:\Users\FernandoJoseRamirezS\AppData\Local\Programs\MiKTeX\tex/latex/graphics
\keyval.sty
Package: keyval 2022/05/29 v1.15 key=value parser (DPC)
\KV@toks@=\toks23
)
\c@ALC@unique=\count280
\c@ALC@line=\count281
\c@ALC@rem=\count282
\c@ALC@depth=\count283
\ALC@tlm=\skip54
\algorithmicindent=\skip55
)
(C:\Users\FernandoJoseRamirezS\AppData\Local\Programs\MiKTeX\tex/latex/graphics
\graphicx.sty
Package: graphicx 2021/09/16 v1.2d Enhanced LaTeX Graphics (DPC,SPQR)

(C:\Users\FernandoJoseRamirezS\AppData\Local\Programs\MiKTeX\tex/latex/graphics
\graphics.sty
Package: graphics 2022/03/10 v1.4e Standard LaTeX Graphics (DPC,SPQR)

(C:\Users\FernandoJoseRamirezS\AppData\Local\Programs\MiKTeX\tex/latex/graphics
\trig.sty
Package: trig 2021/08/11 v1.11 sin cos tan (DPC)
)
(C:\Users\FernandoJoseRamirezS\AppData\Local\Programs\MiKTeX\tex/latex/graphics
-cfg\graphics.cfg
File: graphics.cfg 2016/06/04 v1.11 sample graphics configuration
)
Package graphics Info: Driver file: pdftex.def on input line 107.

(C:\Users\FernandoJoseRamirezS\AppData\Local\Programs\MiKTeX\tex/latex/graphics
-def\pdftex.def
File: pdftex.def 2022/09/22 v1.2b Graphics/color driver for pdftex
))
\Gin@req@height=\dimen173
\Gin@req@width=\dimen174
)
(C:\Users\FernandoJoseRamirezS\AppData\Local\Programs\MiKTeX\tex/latex/base\tex
tcomp.sty
Package: textcomp 2020/02/02 v2.0n Standard LaTeX package
)
(C:\Users\FernandoJoseRamirezS\AppData\Local\Programs\MiKTeX\tex/latex/xcolor\x
color.sty
Package: xcolor 2023/11/15 v3.01 LaTeX color extensions (UK)

(C:\Users\FernandoJoseRamirezS\AppData\Local\Programs\MiKTeX\tex/latex/graphics
-cfg\color.cfg
File: color.cfg 2016/01/02 v1.6 sample color configuration
)
Package xcolor Info: Driver file: pdftex.def on input line 274.

(C:\Users\FernandoJoseRamirezS\AppData\Local\Programs\MiKTeX\tex/latex/graphics
\mathcolor.ltx)
Package xcolor Info: Model `cmy' substituted by `cmy0' on input line 1350.
Package xcolor Info: Model `hsb' substituted by `rgb' on input line 1354.
Package xcolor Info: Model `RGB' extended on input line 1366.
Package xcolor Info: Model `HTML' substituted by `rgb' on input line 1368.
Package xcolor Info: Model `Hsb' substituted by `hsb' on input line 1369.
Package xcolor Info: Model `tHsb' substituted by `hsb' on input line 1370.
Package xcolor Info: Model `HSB' substituted by `hsb' on input line 1371.
Package xcolor Info: Model `Gray' substituted by `gray' on input line 1372.
Package xcolor Info: Model `wave' substituted by `hsb' on input line 1373.
)
(C:\Users\FernandoJoseRamirezS\AppData\Local\Programs\MiKTeX\tex/latex/sttools\
stfloats.sty
Package: stfloats 2017/03/27 v3.3 Improve float mechanism and baselineskip sett
ings
\@dblbotnum=\count284
\c@dblbotnumber=\count285
)
(C:\Users\FernandoJoseRamirezS\AppData\Local\Programs\MiKTeX\tex/latex/booktabs
\booktabs.sty
Package: booktabs 2020/01/12 v1.61803398 Publication quality tables
\heavyrulewidth=\dimen175
\lightrulewidth=\dimen176
\cmidrulewidth=\dimen177
\belowrulesep=\dimen178
\belowbottomsep=\dimen179
\aboverulesep=\dimen180
\abovetopsep=\dimen181
\cmidrulesep=\dimen182
\cmidrulekern=\dimen183
\defaultaddspace=\dimen184
\@cmidla=\count286
\@cmidlb=\count287
\@aboverulesep=\dimen185
\@belowrulesep=\dimen186
\@thisruleclass=\count288
\@lastruleclass=\count289
\@thisrulewidth=\dimen187
)
(C:\Users\FernandoJoseRamirezS\AppData\Local\Programs\MiKTeX\tex/latex/tools\ta
bularx.sty
Package: tabularx 2023/07/08 v2.11c `tabularx' package (DPC)

(C:\Users\FernandoJoseRamirezS\AppData\Local\Programs\MiKTeX\tex/latex/tools\ar
ray.sty
Package: array 2023/10/16 v2.5g Tabular extension package (FMi)
\col@sep=\dimen188
\ar@mcellbox=\box55
\extrarowheight=\dimen189
\NC@list=\toks24
\extratabsurround=\skip56
\backup@length=\skip57
\ar@cellbox=\box56
)
\TX@col@width=\dimen190
\TX@old@table=\dimen191
\TX@old@col=\dimen192
\TX@target=\dimen193
\TX@delta=\dimen194
\TX@cols=\count290
\TX@ftn=\toks25
)
(C:\Users\FernandoJoseRamirezS\AppData\Local\Programs\MiKTeX\tex/latex/multirow
\multirow.sty
Package: multirow 2021/03/15 v2.8 Span multiple rows of a table
\multirow@colwidth=\skip58
\multirow@cntb=\count291
\multirow@dima=\skip59
\bigstrutjot=\dimen195
)
(C:\Users\FernandoJoseRamirezS\AppData\Local\Programs\MiKTeX\tex/latex/caption\
subcaption.sty
Package: subcaption 2023/07/28 v1.6b Sub-captions (AR)

(C:\Users\FernandoJoseRamirezS\AppData\Local\Programs\MiKTeX\tex/latex/caption\
caption.sty
Package: caption 2023/08/05 v3.6o Customizing captions (AR)

(C:\Users\FernandoJoseRamirezS\AppData\Local\Programs\MiKTeX\tex/latex/caption\
caption3.sty
Package: caption3 2023/07/31 v2.4d caption3 kernel (AR)
\caption@tempdima=\dimen196
\captionmargin=\dimen197
\caption@leftmargin=\dimen198
\caption@rightmargin=\dimen199
\caption@width=\dimen256
\caption@indent=\dimen257
\caption@parindent=\dimen258
\caption@hangindent=\dimen259
Package caption Info: Unknown document class (or package),
(caption)             standard defaults will be used.
Package caption Info: \@makecaption = \long macro:#1#2->\ifx \@captype \@IEEEta
blestring \footnotesize \bgroup \par \centering \@IEEEtabletopskipstrut {\norma
lfont \footnotesize #1}\\{\normalfont \footnotesize \scshape #2}\par \addvspace
 {0.5\baselineskip }\egroup \@IEEEtablecaptionsepspace \else \@IEEEfigurecaptio
nsepspace \setbox \@tempboxa \hbox {\normalfont \footnotesize {#1.}\nobreakspac
e \nobreakspace #2}\ifdim \wd \@tempboxa >\hsize \setbox \@tempboxa \hbox {\nor
malfont \footnotesize {#1.}\nobreakspace \nobreakspace }\parbox [t]{\hsize }{\n
ormalfont \footnotesize \noindent \unhbox \@tempboxa #2}\else \ifCLASSOPTIONcon
ference \hbox to\hsize {\normalfont \footnotesize \hfil \box \@tempboxa \hfil }
\else \hbox to\hsize {\normalfont \footnotesize \box \@tempboxa \hfil }\fi \fi 
\fi  on input line 1175.
)

Package caption Warning: Unknown document class (or package),
(caption)                standard defaults will be used.
See the caption package documentation for explanation.

\c@caption@flags=\count292
\c@continuedfloat=\count293
)
Package caption Info: New subtype `subfigure' on input line 238.
\c@subfigure=\count294
Package caption Info: New subtype `subtable' on input line 238.
\c@subtable=\count295
)
(C:\Users\FernandoJoseRamirezS\AppData\Local\Programs\MiKTeX\tex/latex/colortbl
\colortbl.sty
Package: colortbl 2022/06/20 v1.0f Color table columns (DPC)
\everycr=\toks26
\minrowclearance=\skip60
\rownum=\count296
)

LaTeX Warning: Package "xcolor" has already been loaded: ignoring load-time
(LaTeX)        option "xcdraw".


LaTeX Warning: Package "xcolor" has already been loaded: ignoring load-time
(LaTeX)        option "xcdraw".


(C:\Users\FernandoJoseRamirezS\AppData\Local\Programs\MiKTeX\tex/latex/adjustbo
x\adjustbox.sty
Package: adjustbox 2022/10/17 v1.3a Adjusting TeX boxes (trim, clip, ...)

(C:\Users\FernandoJoseRamirezS\AppData\Local\Programs\MiKTeX\tex/latex/xkeyval\
xkeyval.sty
Package: xkeyval 2022/06/16 v2.9 package option processing (HA)

(C:\Users\FernandoJoseRamirezS\AppData\Local\Programs\MiKTeX\tex/generic/xkeyva
l\xkeyval.tex
(C:\Users\FernandoJoseRamirezS\AppData\Local\Programs\MiKTeX\tex/generic/xkeyva
l\xkvutils.tex
\XKV@toks=\toks27
\XKV@tempa@toks=\toks28
)
\XKV@depth=\count297
File: xkeyval.tex 2014/12/03 v2.7a key=value parser (HA)
))
(C:\Users\FernandoJoseRamirezS\AppData\Local\Programs\MiKTeX\tex/latex/adjustbo
x\adjcalc.sty
Package: adjcalc 2012/05/16 v1.1 Provides advanced setlength with multiple back
-ends (calc, etex, pgfmath)
)
(C:\Users\FernandoJoseRamirezS\AppData\Local\Programs\MiKTeX\tex/latex/adjustbo
x\trimclip.sty
Package: trimclip 2020/08/19 v1.2 Trim and clip general TeX material

(C:\Users\FernandoJoseRamirezS\AppData\Local\Programs\MiKTeX\tex/latex/collectb
ox\collectbox.sty
Package: collectbox 2022/10/17 v0.4c Collect macro arguments as boxes
\collectedbox=\box57
)
\tc@llx=\dimen260
\tc@lly=\dimen261
\tc@urx=\dimen262
\tc@ury=\dimen263
Package trimclip Info: Using driver 'tc-pdftex.def'.

(C:\Users\FernandoJoseRamirezS\AppData\Local\Programs\MiKTeX\tex/latex/adjustbo
x\tc-pdftex.def
File: tc-pdftex.def 2019/01/04 v2.2 Clipping driver for pdftex
))
\adjbox@Width=\dimen264
\adjbox@Height=\dimen265
\adjbox@Depth=\dimen266
\adjbox@Totalheight=\dimen267
\adjbox@pwidth=\dimen268
\adjbox@pheight=\dimen269
\adjbox@pdepth=\dimen270
\adjbox@ptotalheight=\dimen271

(C:\Users\FernandoJoseRamirezS\AppData\Local\Programs\MiKTeX\tex/latex/ifoddpag
e\ifoddpage.sty
Package: ifoddpage 2022/10/18 v1.2 Conditionals for odd/even page detection
\c@checkoddpage=\count298
)
(C:\Users\FernandoJoseRamirezS\AppData\Local\Programs\MiKTeX\tex/latex/varwidth
\varwidth.sty
Package: varwidth 2009/03/30 ver 0.92;  Variable-width minipages
\@vwid@box=\box58
\sift@deathcycles=\count299
\@vwid@loff=\dimen272
\@vwid@roff=\dimen273
))
(C:\Users\FernandoJoseRamirezS\AppData\Local\Programs\MiKTeX\tex/latex/float\fl
oat.sty
Package: float 2001/11/08 v1.3d Float enhancements (AL)
\c@float@type=\count300
\float@exts=\toks29
\float@box=\box59
\@float@everytoks=\toks30
\@floatcapt=\box60
)
(C:\Users\FernandoJoseRamirezS\AppData\Local\Programs\MiKTeX\tex/latex/l3backen
d\l3backend-pdftex.def
File: l3backend-pdftex.def 2024-01-04 L3 backend support: PDF output (pdfTeX)
\l__color_backend_stack_int=\count301
\l__pdf_internal_box=\box61
) (Sumativa1.aux

LaTeX Warning: Label `eq9' multiply defined.


LaTeX Warning: Label `eq13' multiply defined.


LaTeX Warning: Label `fig:imagenes' multiply defined.


LaTeX Warning: Label `fig:imagenes' multiply defined.


LaTeX Warning: Label `fig:imagenes' multiply defined.


LaTeX Warning: Label `fig:imagenes' multiply defined.


LaTeX Warning: Label `fig:imagenes' multiply defined.


LaTeX Warning: Label `fig:imagenes' multiply defined.


LaTeX Warning: Label `fig:imagenes' multiply defined.


LaTeX Warning: Label `fig:imagenes' multiply defined.


LaTeX Warning: Label `fig:imagenes' multiply defined.


LaTeX Warning: Label `fig:imagenes' multiply defined.


LaTeX Warning: Label `fig:imagenes' multiply defined.


LaTeX Warning: Label `fig:imagenes' multiply defined.


LaTeX Warning: Label `fig:fig510' multiply defined.


LaTeX Warning: Label `fig:imagenes' multiply defined.


LaTeX Warning: Label `fig:imagenes' multiply defined.


LaTeX Warning: Label `fig:imagenes' multiply defined.


LaTeX Warning: Label `fig:imagenes' multiply defined.


LaTeX Warning: Label `fig:imagenes' multiply defined.


LaTeX Warning: Label `fig:imagenes' multiply defined.


LaTeX Warning: Label `fig:imagenes' multiply defined.


LaTeX Warning: Label `fig:imagenes' multiply defined.


LaTeX Warning: Label `fig:imagenes' multiply defined.


LaTeX Warning: Label `fig:imagenes' multiply defined.


LaTeX Warning: Label `fig:imagenes' multiply defined.


LaTeX Warning: Label `fig:imagenes' multiply defined.


LaTeX Warning: Label `fig:fig511' multiply defined.

)
\openout1 = `Sumativa1.aux'.

LaTeX Font Info:    Checking defaults for OML/cmm/m/it on input line 23.
LaTeX Font Info:    ... okay on input line 23.
LaTeX Font Info:    Checking defaults for OMS/cmsy/m/n on input line 23.
LaTeX Font Info:    ... okay on input line 23.
LaTeX Font Info:    Checking defaults for OT1/cmr/m/n on input line 23.
LaTeX Font Info:    ... okay on input line 23.
LaTeX Font Info:    Checking defaults for T1/cmr/m/n on input line 23.
LaTeX Font Info:    ... okay on input line 23.
LaTeX Font Info:    Checking defaults for TS1/cmr/m/n on input line 23.
LaTeX Font Info:    ... okay on input line 23.
LaTeX Font Info:    Checking defaults for OMX/cmex/m/n on input line 23.
LaTeX Font Info:    ... okay on input line 23.
LaTeX Font Info:    Checking defaults for U/cmr/m/n on input line 23.
LaTeX Font Info:    ... okay on input line 23.

-- Lines per column: 56 (exact).

(C:\Users\FernandoJoseRamirezS\AppData\Local\Programs\MiKTeX\tex/context/base/m
kii\supp-pdf.mkii
[Loading MPS to PDF converter (version 2006.09.02).]
\scratchcounter=\count302
\scratchdimen=\dimen274
\scratchbox=\box62
\nofMPsegments=\count303
\nofMParguments=\count304
\everyMPshowfont=\toks31
\MPscratchCnt=\count305
\MPscratchDim=\dimen275
\MPnumerator=\count306
\makeMPintoPDFobject=\count307
\everyMPtoPDFconversion=\toks32
)
(C:\Users\FernandoJoseRamirezS\AppData\Local\Programs\MiKTeX\tex/latex/epstopdf
-pkg\epstopdf-base.sty
Package: epstopdf-base 2020-01-24 v2.11 Base part for package epstopdf
Package epstopdf-base Info: Redefining graphics rule for `.eps' on input line 4
85.

(C:\Users\FernandoJoseRamirezS\AppData\Local\Programs\MiKTeX\tex/latex/00miktex
\epstopdf-sys.cfg
File: epstopdf-sys.cfg 2021/03/18 v2.0 Configuration of epstopdf for MiKTeX
))
Package caption Info: Begin \AtBeginDocument code.
Package caption Info: float package is loaded.
Package caption Info: End \AtBeginDocument code.
LaTeX Font Info:    Calculating math sizes for size <11> on input line 42.
LaTeX Font Info:    Trying to load font information for U+msa on input line 42.


(C:\Users\FernandoJoseRamirezS\AppData\Local\Programs\MiKTeX\tex/latex/amsfonts
\umsa.fd
File: umsa.fd 2013/01/14 v3.01 AMS symbols A
)
LaTeX Font Info:    Trying to load font information for U+msb on input line 42.


(C:\Users\FernandoJoseRamirezS\AppData\Local\Programs\MiKTeX\tex/latex/amsfonts
\umsb.fd
File: umsb.fd 2013/01/14 v3.01 AMS symbols B
) [1{C:/Users/FernandoJoseRamirezS/AppData/Local/MiKTeX/fonts/map/pdftex/pdftex
.map}{C:/Users/FernandoJoseRamirezS/AppData/Local/Programs/MiKTeX/fonts/enc/dvi
ps/base/8r.enc}


]
<imagenes_hueso/Proceso_Segmentacion_Bioinspirado.png, id=10, 387.94937pt x 739
.26187pt>
File: imagenes_hueso/Proceso_Segmentacion_Bioinspirado.png Graphic file (type p
ng)
<use imagenes_hueso/Proceso_Segmentacion_Bioinspirado.png>
Package pdftex.def Info: imagenes_hueso/Proceso_Segmentacion_Bioinspirado.png  
used on input line 92.
(pdftex.def)             Requested size: 226.79846pt x 432.19008pt.
 [2 <./imagenes_hueso/Proceso_Segmentacion_Bioinspirado.png>] [3] [4]
<imagenes_hueso/img_1_12.png, id=33, 2007.5pt x 2007.5pt>
File: imagenes_hueso/img_1_12.png Graphic file (type png)
<use imagenes_hueso/img_1_12.png>
Package pdftex.def Info: imagenes_hueso/img_1_12.png  used on input line 287.
(pdftex.def)             Requested size: 258.0pt x 257.98222pt.

Overfull \hbox (6.0pt too wide) in paragraph at lines 286--289
 [][] 
 []

<imagenes_hueso/img_13_20.png, id=34, 2007.5pt x 1345.025pt>
File: imagenes_hueso/img_13_20.png Graphic file (type png)
<use imagenes_hueso/img_13_20.png>
Package pdftex.def Info: imagenes_hueso/img_13_20.png  used on input line 291.
(pdftex.def)             Requested size: 258.0pt x 172.84808pt.

Overfull \hbox (6.0pt too wide) in paragraph at lines 290--293
 [][] 
 []

[5 <./imagenes_hueso/img_1_12.png> <./imagenes_hueso/img_13_20.png>] [6]
[7] [8]
Underfull \hbox (badness 1472) in paragraph at lines 881--882
\OT1/ptm/m/n/10 En la fase de ex-cavaci[]on el Honey Bagder re-al-iza un
 []

<Fitness/Kapur/BoxPlot_Dim7/BoxPlots_1-6.png, id=53, 786.2976pt x 673.3155pt>
File: Fitness/Kapur/BoxPlot_Dim7/BoxPlots_1-6.png Graphic file (type png)
<use Fitness/Kapur/BoxPlot_Dim7/BoxPlots_1-6.png>
Package pdftex.def Info: Fitness/Kapur/BoxPlot_Dim7/BoxPlots_1-6.png  used on i
nput line 1686.
(pdftex.def)             Requested size: 258.0pt x 220.9311pt.

Overfull \hbox (6.0pt too wide) in paragraph at lines 1685--1688
 [][] 
 []

<Fitness/Kapur/BoxPlot_Dim7/BoxPlots_7-12.png, id=54, 786.2976pt x 673.3155pt>
File: Fitness/Kapur/BoxPlot_Dim7/BoxPlots_7-12.png Graphic file (type png)
<use Fitness/Kapur/BoxPlot_Dim7/BoxPlots_7-12.png>
Package pdftex.def Info: Fitness/Kapur/BoxPlot_Dim7/BoxPlots_7-12.png  used on 
input line 1690.
(pdftex.def)             Requested size: 258.0pt x 220.9311pt.
<Fitness/Kapur/BoxPlot_Dim7/BoxPlots_13-18.png, id=55, 786.2976pt x 673.3155pt>

File: Fitness/Kapur/BoxPlot_Dim7/BoxPlots_13-18.png Graphic file (type png)
<use Fitness/Kapur/BoxPlot_Dim7/BoxPlots_13-18.png>
Package pdftex.def Info: Fitness/Kapur/BoxPlot_Dim7/BoxPlots_13-18.png  used on
 input line 1693.
(pdftex.def)             Requested size: 258.0pt x 220.9311pt.

Overfull \hbox (6.0pt too wide) in paragraph at lines 1689--1695
 [][] 
 []


Overfull \hbox (6.0pt too wide) in paragraph at lines 1689--1695
 [] 
 []


LaTeX Warning: Float too large for page by 36.39336pt on input line 1697.

<Fitness/Kapur/BoxPlot_Dim7/BoxPlots_19-20.png, id=56, 786.2976pt x 673.3155pt>

File: Fitness/Kapur/BoxPlot_Dim7/BoxPlots_19-20.png Graphic file (type png)
<use Fitness/Kapur/BoxPlot_Dim7/BoxPlots_19-20.png>
Package pdftex.def Info: Fitness/Kapur/BoxPlot_Dim7/BoxPlots_19-20.png  used on
 input line 1702.
(pdftex.def)             Requested size: 258.0pt x 220.9311pt.

Overfull \hbox (6.0pt too wide) in paragraph at lines 1701--1705
 [][] 
 []

<Fitness/Kapur/BoxPlot_Dim8/BoxPlots_1-6_Dim8.png, id=57, 786.2976pt x 673.3155
pt>
File: Fitness/Kapur/BoxPlot_Dim8/BoxPlots_1-6_Dim8.png Graphic file (type png)
<use Fitness/Kapur/BoxPlot_Dim8/BoxPlots_1-6_Dim8.png>
Package pdftex.def Info: Fitness/Kapur/BoxPlot_Dim8/BoxPlots_1-6_Dim8.png  used
 on input line 1714.
(pdftex.def)             Requested size: 258.0pt x 220.9311pt.

Overfull \hbox (6.0pt too wide) in paragraph at lines 1713--1716
 [][] 
 []

<Fitness/Kapur/BoxPlot_Dim8/BoxPlots_7-12_Dim8.png, id=58, 786.2976pt x 673.315
5pt>
File: Fitness/Kapur/BoxPlot_Dim8/BoxPlots_7-12_Dim8.png Graphic file (type png)

<use Fitness/Kapur/BoxPlot_Dim8/BoxPlots_7-12_Dim8.png>
Package pdftex.def Info: Fitness/Kapur/BoxPlot_Dim8/BoxPlots_7-12_Dim8.png  use
d on input line 1718.
(pdftex.def)             Requested size: 258.0pt x 220.9311pt.
<Fitness/Kapur/BoxPlot_Dim8/BoxPlots_13-18_Dim8.png, id=59, 786.2976pt x 673.31
55pt>
File: Fitness/Kapur/BoxPlot_Dim8/BoxPlots_13-18_Dim8.png Graphic file (type png
)
<use Fitness/Kapur/BoxPlot_Dim8/BoxPlots_13-18_Dim8.png>
Package pdftex.def Info: Fitness/Kapur/BoxPlot_Dim8/BoxPlots_13-18_Dim8.png  us
ed on input line 1721.
(pdftex.def)             Requested size: 258.0pt x 220.9311pt.

Overfull \hbox (6.0pt too wide) in paragraph at lines 1717--1723
 [][] 
 []


Overfull \hbox (6.0pt too wide) in paragraph at lines 1717--1723
 [] 
 []


LaTeX Warning: Float too large for page by 36.39336pt on input line 1725.

<Fitness/Kapur/BoxPlot_Dim8/BoxPlots_19-20_Dim8.png, id=60, 786.2976pt x 673.31
55pt>
File: Fitness/Kapur/BoxPlot_Dim8/BoxPlots_19-20_Dim8.png Graphic file (type png
)
<use Fitness/Kapur/BoxPlot_Dim8/BoxPlots_19-20_Dim8.png>
Package pdftex.def Info: Fitness/Kapur/BoxPlot_Dim8/BoxPlots_19-20_Dim8.png  us
ed on input line 1730.
(pdftex.def)             Requested size: 258.0pt x 220.9311pt.

Overfull \hbox (6.0pt too wide) in paragraph at lines 1729--1733
 [][] 
 []

<Fitness/Kapur/BoxPlot_Dim9/BoxPlots_1-6_Dim9.png, id=61, 786.2976pt x 673.3155
pt>
File: Fitness/Kapur/BoxPlot_Dim9/BoxPlots_1-6_Dim9.png Graphic file (type png)
<use Fitness/Kapur/BoxPlot_Dim9/BoxPlots_1-6_Dim9.png>
Package pdftex.def Info: Fitness/Kapur/BoxPlot_Dim9/BoxPlots_1-6_Dim9.png  used
 on input line 1741.
(pdftex.def)             Requested size: 258.0pt x 220.9311pt.

Overfull \hbox (6.0pt too wide) in paragraph at lines 1740--1743
 [][] 
 []

<Fitness/Kapur/BoxPlot_Dim9/BoxPlots_7-12_Dim9.png, id=62, 786.2976pt x 673.315
5pt>
File: Fitness/Kapur/BoxPlot_Dim9/BoxPlots_7-12_Dim9.png Graphic file (type png)

<use Fitness/Kapur/BoxPlot_Dim9/BoxPlots_7-12_Dim9.png>
Package pdftex.def Info: Fitness/Kapur/BoxPlot_Dim9/BoxPlots_7-12_Dim9.png  use
d on input line 1745.
(pdftex.def)             Requested size: 258.0pt x 220.9311pt.
<Fitness/Kapur/BoxPlot_Dim9/BoxPlots_13-18_Dim9.png, id=63, 786.2976pt x 673.31
55pt>
File: Fitness/Kapur/BoxPlot_Dim9/BoxPlots_13-18_Dim9.png Graphic file (type png
)
<use Fitness/Kapur/BoxPlot_Dim9/BoxPlots_13-18_Dim9.png>
Package pdftex.def Info: Fitness/Kapur/BoxPlot_Dim9/BoxPlots_13-18_Dim9.png  us
ed on input line 1748.
(pdftex.def)             Requested size: 258.0pt x 220.9311pt.

Overfull \hbox (6.0pt too wide) in paragraph at lines 1744--1750
 [][] 
 []


Overfull \hbox (6.0pt too wide) in paragraph at lines 1744--1750
 [] 
 []


LaTeX Warning: Float too large for page by 36.39336pt on input line 1752.

<Fitness/Kapur/BoxPlot_Dim9/BoxPlots_19-20_Dim9.png, id=64, 786.2976pt x 220.42
35pt>
File: Fitness/Kapur/BoxPlot_Dim9/BoxPlots_19-20_Dim9.png Graphic file (type png
)
<use Fitness/Kapur/BoxPlot_Dim9/BoxPlots_19-20_Dim9.png>
Package pdftex.def Info: Fitness/Kapur/BoxPlot_Dim9/BoxPlots_19-20_Dim9.png  us
ed on input line 1757.
(pdftex.def)             Requested size: 258.0pt x 72.32626pt.

Overfull \hbox (6.0pt too wide) in paragraph at lines 1756--1760
 [][] 
 []

<Fitness/Otsu/Boxplot_Dim7/BoxPlots_1-6_Dim7.png, id=65, 786.2976pt x 696.4419p
t>
File: Fitness/Otsu/Boxplot_Dim7/BoxPlots_1-6_Dim7.png Graphic file (type png)
<use Fitness/Otsu/Boxplot_Dim7/BoxPlots_1-6_Dim7.png>
Package pdftex.def Info: Fitness/Otsu/Boxplot_Dim7/BoxPlots_1-6_Dim7.png  used 
on input line 1771.
(pdftex.def)             Requested size: 258.0pt x 228.51942pt.

Overfull \hbox (6.0pt too wide) in paragraph at lines 1770--1773
 [][] 
 []

<Fitness/Otsu/Boxplot_Dim7/BoxPlots_7-12_Dim7.png, id=66, 786.2976pt x 696.4419
pt>
File: Fitness/Otsu/Boxplot_Dim7/BoxPlots_7-12_Dim7.png Graphic file (type png)
<use Fitness/Otsu/Boxplot_Dim7/BoxPlots_7-12_Dim7.png>
Package pdftex.def Info: Fitness/Otsu/Boxplot_Dim7/BoxPlots_7-12_Dim7.png  used
 on input line 1775.
(pdftex.def)             Requested size: 258.0pt x 228.51942pt.
<Fitness/Otsu/Boxplot_Dim7/BoxPlots_13-18_Dim7.png, id=67, 786.2976pt x 696.441
9pt>
File: Fitness/Otsu/Boxplot_Dim7/BoxPlots_13-18_Dim7.png Graphic file (type png)

<use Fitness/Otsu/Boxplot_Dim7/BoxPlots_13-18_Dim7.png>
Package pdftex.def Info: Fitness/Otsu/Boxplot_Dim7/BoxPlots_13-18_Dim7.png  use
d on input line 1778.
(pdftex.def)             Requested size: 258.0pt x 228.51942pt.

Overfull \hbox (6.0pt too wide) in paragraph at lines 1774--1780
 [][] 
 []


Overfull \hbox (6.0pt too wide) in paragraph at lines 1774--1780
 [] 
 []


LaTeX Warning: Float too large for page by 59.15831pt on input line 1782.

<Fitness/Otsu/Boxplot_Dim7/BoxPlots_19-20_Dim7.png, id=68, 786.2976pt x 696.441
9pt>
File: Fitness/Otsu/Boxplot_Dim7/BoxPlots_19-20_Dim7.png Graphic file (type png)

<use Fitness/Otsu/Boxplot_Dim7/BoxPlots_19-20_Dim7.png>
Package pdftex.def Info: Fitness/Otsu/Boxplot_Dim7/BoxPlots_19-20_Dim7.png  use
d on input line 1787.
(pdftex.def)             Requested size: 258.0pt x 228.51942pt.

Overfull \hbox (6.0pt too wide) in paragraph at lines 1786--1790
 [][] 
 []

<Fitness/Otsu/Boxplot_Dim8/BoxPlots_1-6_Dim8.png, id=69, 786.2976pt x 696.4419p
t>
File: Fitness/Otsu/Boxplot_Dim8/BoxPlots_1-6_Dim8.png Graphic file (type png)
<use Fitness/Otsu/Boxplot_Dim8/BoxPlots_1-6_Dim8.png>
Package pdftex.def Info: Fitness/Otsu/Boxplot_Dim8/BoxPlots_1-6_Dim8.png  used 
on input line 1799.
(pdftex.def)             Requested size: 258.0pt x 228.51942pt.

Overfull \hbox (6.0pt too wide) in paragraph at lines 1798--1801
 [][] 
 []

<Fitness/Otsu/BoxPlot_Dim8/BoxPlots_7-12_Dim8.png, id=70, 786.2976pt x 696.4419
pt>
File: Fitness/Otsu/BoxPlot_Dim8/BoxPlots_7-12_Dim8.png Graphic file (type png)
<use Fitness/Otsu/BoxPlot_Dim8/BoxPlots_7-12_Dim8.png>
Package pdftex.def Info: Fitness/Otsu/BoxPlot_Dim8/BoxPlots_7-12_Dim8.png  used
 on input line 1803.
(pdftex.def)             Requested size: 258.0pt x 228.51942pt.
<Fitness/Otsu/Boxplot_Dim8/BoxPlots_13-18_Dim8.png, id=71, 786.2976pt x 696.441
9pt>
File: Fitness/Otsu/Boxplot_Dim8/BoxPlots_13-18_Dim8.png Graphic file (type png)

<use Fitness/Otsu/Boxplot_Dim8/BoxPlots_13-18_Dim8.png>
Package pdftex.def Info: Fitness/Otsu/Boxplot_Dim8/BoxPlots_13-18_Dim8.png  use
d on input line 1806.
(pdftex.def)             Requested size: 258.0pt x 228.51942pt.

Overfull \hbox (6.0pt too wide) in paragraph at lines 1802--1808
 [][] 
 []


Overfull \hbox (6.0pt too wide) in paragraph at lines 1802--1808
 [] 
 []


LaTeX Warning: Float too large for page by 59.15831pt on input line 1810.

<Fitness/Otsu/Boxplot_Dim8/BoxPlots_19-20_Dim8.png, id=72, 786.2976pt x 696.441
9pt>
File: Fitness/Otsu/Boxplot_Dim8/BoxPlots_19-20_Dim8.png Graphic file (type png)

<use Fitness/Otsu/Boxplot_Dim8/BoxPlots_19-20_Dim8.png>
Package pdftex.def Info: Fitness/Otsu/Boxplot_Dim8/BoxPlots_19-20_Dim8.png  use
d on input line 1815.
(pdftex.def)             Requested size: 258.0pt x 228.51942pt.

Overfull \hbox (6.0pt too wide) in paragraph at lines 1814--1818
 [][] 
 []

<Fitness/Otsu/Boxplot_Dim9/BoxPlots_1-6_Dim9.png, id=73, 786.2976pt x 696.4419p
t>
File: Fitness/Otsu/Boxplot_Dim9/BoxPlots_1-6_Dim9.png Graphic file (type png)
<use Fitness/Otsu/Boxplot_Dim9/BoxPlots_1-6_Dim9.png>
Package pdftex.def Info: Fitness/Otsu/Boxplot_Dim9/BoxPlots_1-6_Dim9.png  used 
on input line 1826.
(pdftex.def)             Requested size: 258.0pt x 228.51942pt.

Overfull \hbox (6.0pt too wide) in paragraph at lines 1825--1828
 [][] 
 []

<Fitness/Otsu/Boxplot_Dim9/BoxPlots_7-12_Dim9.png, id=74, 786.2976pt x 696.4419
pt>
File: Fitness/Otsu/Boxplot_Dim9/BoxPlots_7-12_Dim9.png Graphic file (type png)
<use Fitness/Otsu/Boxplot_Dim9/BoxPlots_7-12_Dim9.png>
Package pdftex.def Info: Fitness/Otsu/Boxplot_Dim9/BoxPlots_7-12_Dim9.png  used
 on input line 1830.
(pdftex.def)             Requested size: 258.0pt x 228.51942pt.
<Fitness/Otsu/Boxplot_Dim9/BoxPlots_13-18_Dim9.png, id=75, 786.2976pt x 696.441
9pt>
File: Fitness/Otsu/Boxplot_Dim9/BoxPlots_13-18_Dim9.png Graphic file (type png)

<use Fitness/Otsu/Boxplot_Dim9/BoxPlots_13-18_Dim9.png>
Package pdftex.def Info: Fitness/Otsu/Boxplot_Dim9/BoxPlots_13-18_Dim9.png  use
d on input line 1833.
(pdftex.def)             Requested size: 258.0pt x 228.51942pt.

Overfull \hbox (6.0pt too wide) in paragraph at lines 1829--1835
 [][] 
 []


Overfull \hbox (6.0pt too wide) in paragraph at lines 1829--1835
 [] 
 []


LaTeX Warning: Float too large for page by 59.15831pt on input line 1837.

<Fitness/Otsu/Boxplot_Dim9/BoxPlots_19-20_Dim9.png, id=76, 786.2976pt x 696.441
9pt>
File: Fitness/Otsu/Boxplot_Dim9/BoxPlots_19-20_Dim9.png Graphic file (type png)

<use Fitness/Otsu/Boxplot_Dim9/BoxPlots_19-20_Dim9.png>
Package pdftex.def Info: Fitness/Otsu/Boxplot_Dim9/BoxPlots_19-20_Dim9.png  use
d on input line 1842.
(pdftex.def)             Requested size: 258.0pt x 228.51942pt.

Overfull \hbox (6.0pt too wide) in paragraph at lines 1841--1845
 [][] 
 []


LaTeX Warning: Reference `tab:anexoA' on page 9 undefined on input line 1859.


Underfull \hbox (badness 2237) in paragraph at lines 1861--1862
\OT1/ptm/m/n/10 En an[]alisis es-pec[]^^Pficos, GWO y TSO so-bre-salieron en
 []


LaTeX Warning: Reference `fig:imagenesfitnessbox' on page 9 undefined on input 
line 1867.

[9]
<Fitness/Kapur/Rank_Kapur_Fitness.png, id=80, 445.665pt x 225.57pt>
File: Fitness/Kapur/Rank_Kapur_Fitness.png Graphic file (type png)
<use Fitness/Kapur/Rank_Kapur_Fitness.png>
Package pdftex.def Info: Fitness/Kapur/Rank_Kapur_Fitness.png  used on input li
ne 1873.
(pdftex.def)             Requested size: 258.0pt x 130.5863pt.

Overfull \hbox (6.0pt too wide) in paragraph at lines 1873--1874
 [][] 
 []

<Fitness/Otsu/Rank_Otsu_Fitness.png, id=81, 1477.77094pt x 737.75626pt>
File: Fitness/Otsu/Rank_Otsu_Fitness.png Graphic file (type png)
<use Fitness/Otsu/Rank_Otsu_Fitness.png>
Package pdftex.def Info: Fitness/Otsu/Rank_Otsu_Fitness.png  used on input line
 1880.
(pdftex.def)             Requested size: 258.0pt x 128.79407pt.

Overfull \hbox (6.0pt too wide) in paragraph at lines 1880--1881
 [][] 
 []


LaTeX Warning: No positions in optional float specifier.
               Default added (so using `tbp') on input line 1888.


LaTeX Warning: No positions in optional float specifier.
               Default added (so using `tbp') on input line 1960.

[10 <./Fitness/Kapur/BoxPlot_Dim7/BoxPlots_1-6.png> <./Fitness/Kapur/BoxPlot_Di
m7/BoxPlots_7-12.png> <./Fitness/Kapur/BoxPlot_Dim7/BoxPlots_13-18.png> <./Fitn
ess/Kapur/BoxPlot_Dim7/BoxPlots_19-20.png>] [11] [12]
<Fitness/Kapur/CNV/CNV_Kapur.png, id=95, 422.7795pt x 786.2976pt>
File: Fitness/Kapur/CNV/CNV_Kapur.png Graphic file (type png)
<use Fitness/Kapur/CNV/CNV_Kapur.png>
Package pdftex.def Info: Fitness/Kapur/CNV/CNV_Kapur.png  used on input line 20
52.
(pdftex.def)             Requested size: 258.0pt x 479.85681pt.

Overfull \hbox (6.0pt too wide) in paragraph at lines 2051--2055
 [][] 
 []

<Fitness/Otsu/CNV/CNV_Otsu.png, id=96, 422.7795pt x 786.2976pt>
File: Fitness/Otsu/CNV/CNV_Otsu.png Graphic file (type png)
<use Fitness/Otsu/CNV/CNV_Otsu.png>
Package pdftex.def Info: Fitness/Otsu/CNV/CNV_Otsu.png  used on input line 2063
.
(pdftex.def)             Requested size: 258.0pt x 479.85681pt.

Overfull \hbox (6.0pt too wide) in paragraph at lines 2062--2066
 [][] 
 []


LaTeX Warning: Reference `fig:imagenesPSNRbox' on page 13 undefined on input li
ne 2079.

<PSNR/Kapur/Dim7/PSNR_Dim7_Kapur_1_6.png, id=97, 786.2976pt x 722.9409pt>
File: PSNR/Kapur/Dim7/PSNR_Dim7_Kapur_1_6.png Graphic file (type png)
<use PSNR/Kapur/Dim7/PSNR_Dim7_Kapur_1_6.png>
Package pdftex.def Info: PSNR/Kapur/Dim7/PSNR_Dim7_Kapur_1_6.png  used on input
 line 2087.
(pdftex.def)             Requested size: 258.0pt x 237.2144pt.

Overfull \hbox (6.0pt too wide) in paragraph at lines 2086--2089
 [][] 
 []

<PSNR/Kapur/Dim7/PSNR_Dim7_Kapur_7_12.png, id=98, 786.2976pt x 722.9409pt>
File: PSNR/Kapur/Dim7/PSNR_Dim7_Kapur_7_12.png Graphic file (type png)
<use PSNR/Kapur/Dim7/PSNR_Dim7_Kapur_7_12.png>
Package pdftex.def Info: PSNR/Kapur/Dim7/PSNR_Dim7_Kapur_7_12.png  used on inpu
t line 2091.
(pdftex.def)             Requested size: 258.0pt x 237.2144pt.

Overfull \hbox (6.0pt too wide) in paragraph at lines 2090--2093
 [][] 
 []

<PSNR/Kapur/Dim7/PSNR_Dim7_Kapur_13_18.png, id=99, 786.2976pt x 722.9409pt>
File: PSNR/Kapur/Dim7/PSNR_Dim7_Kapur_13_18.png Graphic file (type png)
<use PSNR/Kapur/Dim7/PSNR_Dim7_Kapur_13_18.png>
Package pdftex.def Info: PSNR/Kapur/Dim7/PSNR_Dim7_Kapur_13_18.png  used on inp
ut line 2100.
(pdftex.def)             Requested size: 258.0pt x 237.2144pt.
<PSNR/Kapur/Dim7/PSNR_Dim7_Kapur_19_20.png, id=100, 786.2976pt x 722.9409pt>
File: PSNR/Kapur/Dim7/PSNR_Dim7_Kapur_19_20.png Graphic file (type png)
<use PSNR/Kapur/Dim7/PSNR_Dim7_Kapur_19_20.png>
Package pdftex.def Info: PSNR/Kapur/Dim7/PSNR_Dim7_Kapur_19_20.png  used on inp
ut line 2104.
(pdftex.def)             Requested size: 258.0pt x 237.2144pt.

Overfull \hbox (6.0pt too wide) in paragraph at lines 2099--2107
 [][] 
 []


Overfull \hbox (6.0pt too wide) in paragraph at lines 2099--2107
 [] 
 []

<PSNR/Kapur/Dim8/PSNR_Dim8_Kapur_1_6.png, id=101, 786.2976pt x 722.9409pt>
File: PSNR/Kapur/Dim8/PSNR_Dim8_Kapur_1_6.png Graphic file (type png)
<use PSNR/Kapur/Dim8/PSNR_Dim8_Kapur_1_6.png>
Package pdftex.def Info: PSNR/Kapur/Dim8/PSNR_Dim8_Kapur_1_6.png  used on input
 line 2116.
(pdftex.def)             Requested size: 258.0pt x 237.2144pt.
<PSNR/Kapur/Dim8/PSNR_Dim8_Kapur_7_12.png, id=102, 786.2976pt x 722.9409pt>
File: PSNR/Kapur/Dim8/PSNR_Dim8_Kapur_7_12.png Graphic file (type png)
<use PSNR/Kapur/Dim8/PSNR_Dim8_Kapur_7_12.png>
Package pdftex.def Info: PSNR/Kapur/Dim8/PSNR_Dim8_Kapur_7_12.png  used on inpu
t line 2121.
(pdftex.def)             Requested size: 258.0pt x 237.2144pt.
<PSNR/Kapur/Dim8/PSNR_Dim8_Kapur_13_18.png, id=103, 786.2976pt x 722.9409pt>
File: PSNR/Kapur/Dim8/PSNR_Dim8_Kapur_13_18.png Graphic file (type png)
<use PSNR/Kapur/Dim8/PSNR_Dim8_Kapur_13_18.png>
Package pdftex.def Info: PSNR/Kapur/Dim8/PSNR_Dim8_Kapur_13_18.png  used on inp
ut line 2126.
(pdftex.def)             Requested size: 258.0pt x 237.2144pt.

Overfull \hbox (264.0pt too wide) in paragraph at lines 2114--2128
 [][][] 
 []


Overfull \hbox (6.0pt too wide) in paragraph at lines 2114--2128
 [] 
 []

<PSNR/Kapur/Dim8/PSNR_Dim8_Kapur_19_20.png, id=104, 786.2976pt x 722.9409pt>
File: PSNR/Kapur/Dim8/PSNR_Dim8_Kapur_19_20.png Graphic file (type png)
<use PSNR/Kapur/Dim8/PSNR_Dim8_Kapur_19_20.png>
Package pdftex.def Info: PSNR/Kapur/Dim8/PSNR_Dim8_Kapur_19_20.png  used on inp
ut line 2137.
(pdftex.def)             Requested size: 258.0pt x 237.2144pt.

Overfull \hbox (6.0pt too wide) in paragraph at lines 2135--2139
 [][] 
 []

<PSNR/Kapur/Dim9/PSNR_Dim9_Kapur_1_6.png, id=105, 786.2976pt x 722.9409pt>
File: PSNR/Kapur/Dim9/PSNR_Dim9_Kapur_1_6.png Graphic file (type png)
<use PSNR/Kapur/Dim9/PSNR_Dim9_Kapur_1_6.png>
Package pdftex.def Info: PSNR/Kapur/Dim9/PSNR_Dim9_Kapur_1_6.png  used on input
 line 2149.
(pdftex.def)             Requested size: 258.0pt x 237.2144pt.

Overfull \hbox (6.0pt too wide) in paragraph at lines 2148--2151
 [][] 
 []

<PSNR/Kapur/Dim9/PSNR_Dim9_Kapur_7_12.png, id=106, 786.2976pt x 722.9409pt>
File: PSNR/Kapur/Dim9/PSNR_Dim9_Kapur_7_12.png Graphic file (type png)
<use PSNR/Kapur/Dim9/PSNR_Dim9_Kapur_7_12.png>
Package pdftex.def Info: PSNR/Kapur/Dim9/PSNR_Dim9_Kapur_7_12.png  used on inpu
t line 2153.
(pdftex.def)             Requested size: 258.0pt x 237.2144pt.

Overfull \hbox (6.0pt too wide) in paragraph at lines 2152--2155
 [][] 
 []

<PSNR/Kapur/Dim9/PSNR_Dim9_Kapur_13_18.png, id=107, 786.2976pt x 722.9409pt>
File: PSNR/Kapur/Dim9/PSNR_Dim9_Kapur_13_18.png Graphic file (type png)
<use PSNR/Kapur/Dim9/PSNR_Dim9_Kapur_13_18.png>
Package pdftex.def Info: PSNR/Kapur/Dim9/PSNR_Dim9_Kapur_13_18.png  used on inp
ut line 2162.
(pdftex.def)             Requested size: 258.0pt x 237.2144pt.
<PSNR/Kapur/Dim9/PSNR_Dim9_Kapur_19_20.png, id=108, 786.2976pt x 722.9409pt>
File: PSNR/Kapur/Dim9/PSNR_Dim9_Kapur_19_20.png Graphic file (type png)
<use PSNR/Kapur/Dim9/PSNR_Dim9_Kapur_19_20.png>
Package pdftex.def Info: PSNR/Kapur/Dim9/PSNR_Dim9_Kapur_19_20.png  used on inp
ut line 2166.
(pdftex.def)             Requested size: 258.0pt x 237.2144pt.

Overfull \hbox (6.0pt too wide) in paragraph at lines 2161--2169
 [][] 
 []


Overfull \hbox (6.0pt too wide) in paragraph at lines 2161--2169
 [] 
 []

<PSNR/Kapur/Rank_Kapur_PSNR.png, id=109, 2106.36937pt x 1284.29813pt>
File: PSNR/Kapur/Rank_Kapur_PSNR.png Graphic file (type png)
<use PSNR/Kapur/Rank_Kapur_PSNR.png>
Package pdftex.def Info: PSNR/Kapur/Rank_Kapur_PSNR.png  used on input line 217
7.
(pdftex.def)             Requested size: 258.0pt x 157.30339pt.

Overfull \hbox (6.0pt too wide) in paragraph at lines 2177--2178
 [][] 
 []

<PSNR/Otsu/Rank_Otsu_PSNR.png, id=110, 2108.6278pt x 1267.73625pt>
File: PSNR/Otsu/Rank_Otsu_PSNR.png Graphic file (type png)
<use PSNR/Otsu/Rank_Otsu_PSNR.png>
Package pdftex.def Info: PSNR/Otsu/Rank_Otsu_PSNR.png  used on input line 2184.

(pdftex.def)             Requested size: 258.0pt x 155.10077pt.

Overfull \hbox (6.0pt too wide) in paragraph at lines 2184--2185
 [][] 
 []


LaTeX Warning: Reference `tab:tabla2' on page 13 undefined on input line 2191.

[13 <./Fitness/Kapur/BoxPlot_Dim8/BoxPlots_1-6_Dim8.png> <./Fitness/Kapur/BoxPl
ot_Dim8/BoxPlots_7-12_Dim8.png> <./Fitness/Kapur/BoxPlot_Dim8/BoxPlots_13-18_Di
m8.png> <./Fitness/Kapur/BoxPlot_Dim8/BoxPlots_19-20_Dim8.png>]

LaTeX Warning: No positions in optional float specifier.
               Default added (so using `tbp') on input line 2201.


LaTeX Warning: No positions in optional float specifier.
               Default added (so using `tbp') on input line 2273.


LaTeX Warning: Reference `fig:imagenesSSIMbox' on page 14 undefined on input li
ne 2351.

[14 <./Fitness/Kapur/BoxPlot_Dim9/BoxPlots_1-6_Dim9.png> <./Fitness/Kapur/BoxPl
ot_Dim9/BoxPlots_7-12_Dim9.png> <./Fitness/Kapur/BoxPlot_Dim9/BoxPlots_13-18_Di
m9.png> <./Fitness/Kapur/BoxPlot_Dim9/BoxPlots_19-20_Dim9.png>] [15] [16]
<SSIM/Kapur/Dim7/SSIM_Dim7_Kapur_1_6.png, id=132, 786.2976pt x 722.9409pt>
File: SSIM/Kapur/Dim7/SSIM_Dim7_Kapur_1_6.png Graphic file (type png)
<use SSIM/Kapur/Dim7/SSIM_Dim7_Kapur_1_6.png>
Package pdftex.def Info: SSIM/Kapur/Dim7/SSIM_Dim7_Kapur_1_6.png  used on input
 line 2358.
(pdftex.def)             Requested size: 258.0pt x 237.2144pt.

Overfull \hbox (6.0pt too wide) in paragraph at lines 2357--2360
 [][] 
 []

<SSIM/Kapur/Dim7/SSIM_Dim7_Kapur_7_12.png, id=133, 786.2976pt x 722.9409pt>
File: SSIM/Kapur/Dim7/SSIM_Dim7_Kapur_7_12.png Graphic file (type png)
<use SSIM/Kapur/Dim7/SSIM_Dim7_Kapur_7_12.png>
Package pdftex.def Info: SSIM/Kapur/Dim7/SSIM_Dim7_Kapur_7_12.png  used on inpu
t line 2362.
(pdftex.def)             Requested size: 258.0pt x 237.2144pt.

Overfull \hbox (6.0pt too wide) in paragraph at lines 2361--2364
 [][] 
 []

<SSIM/Kapur/Dim7/SSIM_Dim7_Kapur_13_18.png, id=134, 786.2976pt x 722.9409pt>
File: SSIM/Kapur/Dim7/SSIM_Dim7_Kapur_13_18.png Graphic file (type png)
<use SSIM/Kapur/Dim7/SSIM_Dim7_Kapur_13_18.png>
Package pdftex.def Info: SSIM/Kapur/Dim7/SSIM_Dim7_Kapur_13_18.png  used on inp
ut line 2371.
(pdftex.def)             Requested size: 258.0pt x 237.2144pt.
<SSIM/Kapur/Dim7/SSIM_Dim7_Kapur_19_20.png, id=135, 786.2976pt x 722.9409pt>
File: SSIM/Kapur/Dim7/SSIM_Dim7_Kapur_19_20.png Graphic file (type png)
<use SSIM/Kapur/Dim7/SSIM_Dim7_Kapur_19_20.png>
Package pdftex.def Info: SSIM/Kapur/Dim7/SSIM_Dim7_Kapur_19_20.png  used on inp
ut line 2375.
(pdftex.def)             Requested size: 258.0pt x 237.2144pt.

Overfull \hbox (6.0pt too wide) in paragraph at lines 2370--2378
 [][] 
 []


Overfull \hbox (6.0pt too wide) in paragraph at lines 2370--2378
 [] 
 []

<SSIM/Kapur/Dim8/SSIM_Dim8_Kapur_1_6.png, id=136, 786.2976pt x 722.9409pt>
File: SSIM/Kapur/Dim8/SSIM_Dim8_Kapur_1_6.png Graphic file (type png)
<use SSIM/Kapur/Dim8/SSIM_Dim8_Kapur_1_6.png>
Package pdftex.def Info: SSIM/Kapur/Dim8/SSIM_Dim8_Kapur_1_6.png  used on input
 line 2387.
(pdftex.def)             Requested size: 258.0pt x 237.2144pt.

Overfull \hbox (6.0pt too wide) in paragraph at lines 2386--2389
 [][] 
 []

<SSIM/Kapur/Dim8/SSIM_Dim8_Kapur_7_12.png, id=137, 786.2976pt x 722.9409pt>
File: SSIM/Kapur/Dim8/SSIM_Dim8_Kapur_7_12.png Graphic file (type png)
<use SSIM/Kapur/Dim8/SSIM_Dim8_Kapur_7_12.png>
Package pdftex.def Info: SSIM/Kapur/Dim8/SSIM_Dim8_Kapur_7_12.png  used on inpu
t line 2391.
(pdftex.def)             Requested size: 258.0pt x 237.2144pt.

Overfull \hbox (6.0pt too wide) in paragraph at lines 2390--2393
 [][] 
 []

<SSIM/Kapur/Dim8/SSIM_Dim8_Kapur_13_18.png, id=138, 786.2976pt x 722.9409pt>
File: SSIM/Kapur/Dim8/SSIM_Dim8_Kapur_13_18.png Graphic file (type png)
<use SSIM/Kapur/Dim8/SSIM_Dim8_Kapur_13_18.png>
Package pdftex.def Info: SSIM/Kapur/Dim8/SSIM_Dim8_Kapur_13_18.png  used on inp
ut line 2400.
(pdftex.def)             Requested size: 258.0pt x 237.2144pt.
<SSIM/Kapur/Dim8/SSIM_Dim8_Kapur_19_20.png, id=139, 786.2976pt x 722.9409pt>
File: SSIM/Kapur/Dim8/SSIM_Dim8_Kapur_19_20.png Graphic file (type png)
<use SSIM/Kapur/Dim8/SSIM_Dim8_Kapur_19_20.png>
Package pdftex.def Info: SSIM/Kapur/Dim8/SSIM_Dim8_Kapur_19_20.png  used on inp
ut line 2404.
(pdftex.def)             Requested size: 258.0pt x 237.2144pt.

Overfull \hbox (6.0pt too wide) in paragraph at lines 2399--2407
 [][] 
 []


Overfull \hbox (6.0pt too wide) in paragraph at lines 2399--2407
 [] 
 []

<SSIM/Kapur/Dim9/SSIM_Dim9_Kapur_1_6.png, id=140, 786.2976pt x 722.9409pt>
File: SSIM/Kapur/Dim9/SSIM_Dim9_Kapur_1_6.png Graphic file (type png)
<use SSIM/Kapur/Dim9/SSIM_Dim9_Kapur_1_6.png>
Package pdftex.def Info: SSIM/Kapur/Dim9/SSIM_Dim9_Kapur_1_6.png  used on input
 line 2416.
(pdftex.def)             Requested size: 258.0pt x 237.2144pt.

Overfull \hbox (6.0pt too wide) in paragraph at lines 2415--2418
 [][] 
 []

<SSIM/Kapur/Dim9/SSIM_Dim9_Kapur_7_12.png, id=141, 786.2976pt x 722.9409pt>
File: SSIM/Kapur/Dim9/SSIM_Dim9_Kapur_7_12.png Graphic file (type png)
<use SSIM/Kapur/Dim9/SSIM_Dim9_Kapur_7_12.png>
Package pdftex.def Info: SSIM/Kapur/Dim9/SSIM_Dim9_Kapur_7_12.png  used on inpu
t line 2420.
(pdftex.def)             Requested size: 258.0pt x 237.2144pt.

Overfull \hbox (6.0pt too wide) in paragraph at lines 2419--2422
 [][] 
 []

<SSIM/Kapur/Dim9/SSIM_Dim9_Kapur_13_18.png, id=142, 786.2976pt x 722.9409pt>
File: SSIM/Kapur/Dim9/SSIM_Dim9_Kapur_13_18.png Graphic file (type png)
<use SSIM/Kapur/Dim9/SSIM_Dim9_Kapur_13_18.png>
Package pdftex.def Info: SSIM/Kapur/Dim9/SSIM_Dim9_Kapur_13_18.png  used on inp
ut line 2429.
(pdftex.def)             Requested size: 258.0pt x 237.2144pt.
<SSIM/Kapur/Dim9/SSIM_Dim9_Kapur_19_20.png, id=143, 786.2976pt x 722.9409pt>
File: SSIM/Kapur/Dim9/SSIM_Dim9_Kapur_19_20.png Graphic file (type png)
<use SSIM/Kapur/Dim9/SSIM_Dim9_Kapur_19_20.png>
Package pdftex.def Info: SSIM/Kapur/Dim9/SSIM_Dim9_Kapur_19_20.png  used on inp
ut line 2433.
(pdftex.def)             Requested size: 258.0pt x 237.2144pt.

Overfull \hbox (6.0pt too wide) in paragraph at lines 2428--2436
 [][] 
 []


Overfull \hbox (6.0pt too wide) in paragraph at lines 2428--2436
 [] 
 []

<SSIM/Kapur/Rank_Kapur_SSIM.png, id=144, 1691.56969pt x 892.83563pt>
File: SSIM/Kapur/Rank_Kapur_SSIM.png Graphic file (type png)
<use SSIM/Kapur/Rank_Kapur_SSIM.png>
Package pdftex.def Info: SSIM/Kapur/Rank_Kapur_SSIM.png  used on input line 244
4.
(pdftex.def)             Requested size: 258.0pt x 136.16745pt.

Overfull \hbox (6.0pt too wide) in paragraph at lines 2444--2445
 [][] 
 []

<SSIM/Otsu/Rank_Otsu_SSIM.png, id=145, 1673.50218pt x 890.5772pt>
File: SSIM/Otsu/Rank_Otsu_SSIM.png Graphic file (type png)
<use SSIM/Otsu/Rank_Otsu_SSIM.png>
Package pdftex.def Info: SSIM/Otsu/Rank_Otsu_SSIM.png  used on input line 2451.

(pdftex.def)             Requested size: 258.0pt x 137.29063pt.

Overfull \hbox (6.0pt too wide) in paragraph at lines 2451--2452
 [][] 
 []


LaTeX Warning: Reference `tab:tabla3' on page 17 undefined on input line 2458.


LaTeX Warning: Reference `fig:fig512' on page 17 undefined on input line 2464.


LaTeX Warning: No positions in optional float specifier.
               Default added (so using `tbp') on input line 2471.


LaTeX Warning: No positions in optional float specifier.
               Default added (so using `tbp') on input line 2543.

[17 <./Fitness/Otsu/Boxplot_Dim7/BoxPlots_1-6_Dim7.png> <./Fitness/Otsu/Boxplot
_Dim7/BoxPlots_7-12_Dim7.png> <./Fitness/Otsu/Boxplot_Dim7/BoxPlots_13-18_Dim7.
png> <./Fitness/Otsu/Boxplot_Dim7/BoxPlots_19-20_Dim7.png>] [18] [19] [20 <./Fi
tness/Otsu/Boxplot_Dim8/BoxPlots_1-6_Dim8.png> <./Fitness/Otsu/BoxPlot_Dim8/Box
Plots_7-12_Dim8.png> <./Fitness/Otsu/Boxplot_Dim8/BoxPlots_13-18_Dim8.png> <./F
itness/Otsu/Boxplot_Dim8/BoxPlots_19-20_Dim8.png>] [21 <./Fitness/Otsu/Boxplot_
Dim9/BoxPlots_1-6_Dim9.png> <./Fitness/Otsu/Boxplot_Dim9/BoxPlots_7-12_Dim9.png
> <./Fitness/Otsu/Boxplot_Dim9/BoxPlots_13-18_Dim9.png> <./Fitness/Otsu/Boxplot
_Dim9/BoxPlots_19-20_Dim9.png> <./Fitness/Kapur/Rank_Kapur_Fitness.png (PNG cop
y)> <./Fitness/Otsu/Rank_Otsu_Fitness.png>]
Underfull \vbox (badness 1389) has occurred while \output is active []

 [22 <./Fitness/Kapur/CNV/CNV_Kapur.png> <./Fitness/Otsu/CNV/CNV_Otsu.png>] [23
 <./PSNR/Kapur/Dim7/PSNR_Dim7_Kapur_1_6.png> <./PSNR/Kapur/Dim7/PSNR_Dim7_Kapur
_7_12.png> <./PSNR/Kapur/Dim7/PSNR_Dim7_Kapur_13_18.png> <./PSNR/Kapur/Dim7/PSN
R_Dim7_Kapur_19_20.png>] [24 <./PSNR/Kapur/Dim8/PSNR_Dim8_Kapur_1_6.png> <./PSN
R/Kapur/Dim8/PSNR_Dim8_Kapur_7_12.png> <./PSNR/Kapur/Dim8/PSNR_Dim8_Kapur_13_18
.png> <./PSNR/Kapur/Dim8/PSNR_Dim8_Kapur_19_20.png>] [25 <./PSNR/Kapur/Dim9/PSN
R_Dim9_Kapur_1_6.png> <./PSNR/Kapur/Dim9/PSNR_Dim9_Kapur_7_12.png> <./PSNR/Kapu
r/Dim9/PSNR_Dim9_Kapur_13_18.png> <./PSNR/Kapur/Dim9/PSNR_Dim9_Kapur_19_20.png>
 <./PSNR/Kapur/Rank_Kapur_PSNR.png>] [26 <./PSNR/Otsu/Rank_Otsu_PSNR.png> <./SS
IM/Kapur/Dim7/SSIM_Dim7_Kapur_1_6.png> <./SSIM/Kapur/Dim7/SSIM_Dim7_Kapur_7_12.
png>]
[27 <./SSIM/Kapur/Dim7/SSIM_Dim7_Kapur_13_18.png> <./SSIM/Kapur/Dim7/SSIM_Dim7_
Kapur_19_20.png> <./SSIM/Kapur/Dim8/SSIM_Dim8_Kapur_1_6.png> <./SSIM/Kapur/Dim8
/SSIM_Dim8_Kapur_7_12.png>] [28 <./SSIM/Kapur/Dim8/SSIM_Dim8_Kapur_13_18.png> <
./SSIM/Kapur/Dim8/SSIM_Dim8_Kapur_19_20.png> <./SSIM/Kapur/Dim9/SSIM_Dim9_Kapur
_1_6.png> <./SSIM/Kapur/Dim9/SSIM_Dim9_Kapur_7_12.png>] [29 <./SSIM/Kapur/Dim9/
SSIM_Dim9_Kapur_13_18.png> <./SSIM/Kapur/Dim9/SSIM_Dim9_Kapur_19_20.png> <./SSI
M/Kapur/Rank_Kapur_SSIM.png> <./SSIM/Otsu/Rank_Otsu_SSIM.png>] (Sumativa1.bbl)
[30

] [31


]

LaTeX Warning: No positions in optional float specifier.
               Default added (so using `tbp') on input line 2666.


Overfull \hbox (168.18204pt too wide) in paragraph at lines 2668--2733
[][] 
 []


LaTeX Warning: No positions in optional float specifier.
               Default added (so using `tbp') on input line 2738.


Overfull \hbox (182.7117pt too wide) in paragraph at lines 2740--2805
[][] 
 []


Overfull \hbox (264.0pt too wide) in paragraph at lines 2842--2844
 [][] 
 []

<imagenes_hueso/resultados_7_dim.png, id=237, 901.3675pt x 1775.63374pt>
File: imagenes_hueso/resultados_7_dim.png Graphic file (type png)
<use imagenes_hueso/resultados_7_dim.png>
Package pdftex.def Info: imagenes_hueso/resultados_7_dim.png  used on input lin
e 2886.
(pdftex.def)             Requested size: 258.0pt x 508.2284pt.
<imagenes_hueso/resultados_8_dim.png, id=238, 901.3675pt x 1775.63374pt>
File: imagenes_hueso/resultados_8_dim.png Graphic file (type png)
<use imagenes_hueso/resultados_8_dim.png>
Package pdftex.def Info: imagenes_hueso/resultados_8_dim.png  used on input lin
e 2892.
(pdftex.def)             Requested size: 258.0pt x 508.2284pt.
<imagenes_hueso/resultados_9_dim.png, id=239, 901.3675pt x 1775.63374pt>
File: imagenes_hueso/resultados_9_dim.png Graphic file (type png)
<use imagenes_hueso/resultados_9_dim.png>
Package pdftex.def Info: imagenes_hueso/resultados_9_dim.png  used on input lin
e 2898.
(pdftex.def)             Requested size: 258.0pt x 508.2284pt.

** Conference Paper **
Before submitting the final camera ready copy, remember to:

 1. Manually equalize the lengths of two columns on the last page
 of your paper;

 2. Ensure that any PostScript and/or PDF output post-processing
 uses only Type 1 fonts and that every step in the generation
 process uses the appropriate paper size.

[32 <./imagenes_hueso/resultados_7_dim.png>] [33] [34] [35 <./imagenes_hueso/re
sultados_8_dim.png>] [36 <./imagenes_hueso/resultados_9_dim.png>] [37



] [38]
(Sumativa1.aux)
 ***********
LaTeX2e <2023-11-01> patch level 1
L3 programming layer <2024-01-22>
 ***********


LaTeX Warning: There were undefined references.


LaTeX Warning: There were multiply-defined labels.

 ) 
Here is how much of TeX's memory you used:
 7807 strings out of 474542
 147781 string characters out of 5737366
 2228978 words of memory out of 5000000
 29920 multiletter control sequences out of 15000+600000
 604176 words of font info for 133 fonts, out of 8000000 for 9000
 1141 hyphenation exceptions out of 8191
 67i,20n,77p,1953b,507s stack positions out of 10000i,1000n,20000p,200000b,200000s
<C:/Users/FernandoJoseRamirezS/AppData/Local/Programs/MiKTeX/fonts/type1/publ
ic/amsfonts/cm/cmbx10.pfb><C:/Users/FernandoJoseRamirezS/AppData/Local/Programs
/MiKTeX/fonts/type1/public/amsfonts/cm/cmex10.pfb><C:/Users/FernandoJoseRamirez
S/AppData/Local/Programs/MiKTeX/fonts/type1/public/amsfonts/cm/cmmi10.pfb><C:/U
sers/FernandoJoseRamirezS/AppData/Local/Programs/MiKTeX/fonts/type1/public/amsf
onts/cm/cmmi5.pfb><C:/Users/FernandoJoseRamirezS/AppData/Local/Programs/MiKTeX/
fonts/type1/public/amsfonts/cm/cmmi7.pfb><C:/Users/FernandoJoseRamirezS/AppData
/Local/Programs/MiKTeX/fonts/type1/public/amsfonts/cm/cmmi8.pfb><C:/Users/Ferna
ndoJoseRamirezS/AppData/Local/Programs/MiKTeX/fonts/type1/public/amsfonts/cm/cm
r10.pfb><C:/Users/FernandoJoseRamirezS/AppData/Local/Programs/MiKTeX/fonts/type
1/public/amsfonts/cm/cmr5.pfb><C:/Users/FernandoJoseRamirezS/AppData/Local/Prog
rams/MiKTeX/fonts/type1/public/amsfonts/cm/cmr7.pfb><C:/Users/FernandoJoseRamir
ezS/AppData/Local/Programs/MiKTeX/fonts/type1/public/amsfonts/cm/cmr8.pfb><C:/U
sers/FernandoJoseRamirezS/AppData/Local/Programs/MiKTeX/fonts/type1/public/amsf
onts/cm/cmr9.pfb><C:/Users/FernandoJoseRamirezS/AppData/Local/Programs/MiKTeX/f
onts/type1/public/amsfonts/cm/cmsy10.pfb><C:/Users/FernandoJoseRamirezS/AppData
/Local/Programs/MiKTeX/fonts/type1/public/amsfonts/cm/cmsy5.pfb><C:/Users/Ferna
ndoJoseRamirezS/AppData/Local/Programs/MiKTeX/fonts/type1/public/amsfonts/cm/cm
sy7.pfb><C:/Users/FernandoJoseRamirezS/AppData/Local/Programs/MiKTeX/fonts/type
1/public/amsfonts/symbols/msbm10.pfb><C:/Users/FernandoJoseRamirezS/AppData/Loc
al/Programs/MiKTeX/fonts/type1/urw/times/utmb8a.pfb><C:/Users/FernandoJoseRamir
ezS/AppData/Local/Programs/MiKTeX/fonts/type1/urw/times/utmbi8a.pfb><C:/Users/F
ernandoJoseRamirezS/AppData/Local/Programs/MiKTeX/fonts/type1/urw/times/utmr8a.
pfb><C:/Users/FernandoJoseRamirezS/AppData/Local/Programs/MiKTeX/fonts/type1/ur
w/times/utmri8a.pfb>
Output written on Sumativa1.pdf (38 pages, 18619762 bytes).
PDF statistics:
 346 PDF objects out of 1000 (max. 8388607)
 0 named destinations out of 1000 (max. 500000)
 311 words of extra memory for PDF output out of 10000 (max. 10000000)

